2024-02-02 11:45:24,830 [Worker-4: Loading available Gradle versions] INFO  o.e.b.c.i.u.g.PublishedGradleVersions - Gradle version information cache is not available. Remote download required.
2024-02-06 08:16:24,804 [Worker-2: Loading available Gradle versions] INFO  o.e.b.c.i.u.g.PublishedGradleVersions - Gradle version information cache is out-of-date. Trying to update.
2024-02-06 08:19:57,683 [Worker-4: Loading available Gradle versions] INFO  o.e.b.c.i.u.g.PublishedGradleVersions - Gradle version information cache is up-to-date. Trying to read.
2024-02-06 08:20:24,689 [Worker-3: Loading available Gradle versions] INFO  o.e.b.c.i.u.g.PublishedGradleVersions - Gradle version information cache is up-to-date. Trying to read.
2024-02-06 09:12:19,936 [Worker-2: Loading available Gradle versions] INFO  o.e.b.c.i.u.g.PublishedGradleVersions - Gradle version information cache is up-to-date. Trying to read.
2024-02-06 09:27:18,372 [Worker-5: Loading available Gradle versions] INFO  o.e.b.c.i.u.g.PublishedGradleVersions - Gradle version information cache is up-to-date. Trying to read.
2024-02-07 08:55:43,477 [Worker-4: Loading available Gradle versions] INFO  o.e.b.c.i.u.g.PublishedGradleVersions - Gradle version information cache is out-of-date. Trying to update.
2024-02-08 10:05:54,203 [Worker-2: Loading available Gradle versions] INFO  o.e.b.c.i.u.g.PublishedGradleVersions - Gradle version information cache is out-of-date. Trying to update.
2024-02-08 12:57:23,619 [Worker-1: Loading available Gradle versions] INFO  o.e.b.c.i.u.g.PublishedGradleVersions - Gradle version information cache is up-to-date. Trying to read.
2024-02-08 13:09:17,661 [Worker-2: Loading available Gradle versions] INFO  o.e.b.c.i.u.g.PublishedGradleVersions - Gradle version information cache is up-to-date. Trying to read.
2024-02-08 13:18:42,403 [Worker-5: Loading available Gradle versions] INFO  o.e.b.c.i.u.g.PublishedGradleVersions - Gradle version information cache is up-to-date. Trying to read.
2024-02-13 08:11:34,988 [Worker-0: Loading available Gradle versions] INFO  o.e.b.c.i.u.g.PublishedGradleVersions - Gradle version information cache is out-of-date. Trying to update.
2024-02-14 09:00:09,004 [Worker-5: Loading available Gradle versions] INFO  o.e.b.c.i.u.g.PublishedGradleVersions - Gradle version information cache is out-of-date. Trying to update.
2024-02-14 09:07:00,591 [Worker-0: Loading available Gradle versions] INFO  o.e.b.c.i.u.g.PublishedGradleVersions - Gradle version information cache is up-to-date. Trying to read.
2024-02-15 10:04:19,397 [Worker-0: Loading available Gradle versions] INFO  o.e.b.c.i.u.g.PublishedGradleVersions - Gradle version information cache is out-of-date. Trying to update.
2024-02-15 10:27:52,304 [Worker-2: Loading available Gradle versions] INFO  o.e.b.c.i.u.g.PublishedGradleVersions - Gradle version information cache is up-to-date. Trying to read.
2024-02-15 10:56:48,422 [Worker-1: Loading available Gradle versions] INFO  o.e.b.c.i.u.g.PublishedGradleVersions - Gradle version information cache is up-to-date. Trying to read.
2024-02-15 10:59:40,560 [Worker-3: Loading available Gradle versions] INFO  o.e.b.c.i.u.g.PublishedGradleVersions - Gradle version information cache is up-to-date. Trying to read.
2024-02-15 12:51:00,708 [Worker-2: Loading available Gradle versions] INFO  o.e.b.c.i.u.g.PublishedGradleVersions - Gradle version information cache is up-to-date. Trying to read.
2024-02-15 12:51:32,428 [Worker-0: Loading available Gradle versions] INFO  o.e.b.c.i.u.g.PublishedGradleVersions - Gradle version information cache is up-to-date. Trying to read.
2024-02-16 10:10:13,536 [Worker-0: Loading available Gradle versions] INFO  o.e.b.c.i.u.g.PublishedGradleVersions - Gradle version information cache is out-of-date. Trying to update.
2024-02-20 08:08:39,619 [Worker-0: Loading available Gradle versions] INFO  o.e.b.c.i.u.g.PublishedGradleVersions - Gradle version information cache is out-of-date. Trying to update.
2024-02-22 10:07:40,190 [Worker-14: Loading available Gradle versions] INFO  o.e.b.c.i.u.g.PublishedGradleVersions - Gradle version information cache is out-of-date. Trying to update.
2024-02-22 12:55:02,479 [Worker-18: Loading available Gradle versions] INFO  o.e.b.c.i.u.g.PublishedGradleVersions - Gradle version information cache is up-to-date. Trying to read.
2024-02-23 10:09:53,920 [Worker-4: Loading available Gradle versions] INFO  o.e.b.c.i.u.g.PublishedGradleVersions - Gradle version information cache is out-of-date. Trying to update.
2024-02-28 09:23:51,719 [Worker-12: Loading available Gradle versions] INFO  o.e.b.c.i.u.g.PublishedGradleVersions - Gradle version information cache is out-of-date. Trying to update.
2024-02-29 10:06:07,452 [Worker-1: Loading available Gradle versions] INFO  o.e.b.c.i.u.g.PublishedGradleVersions - Gradle version information cache is out-of-date. Trying to update.
2024-02-29 12:51:28,137 [Worker-2: Loading available Gradle versions] INFO  o.e.b.c.i.u.g.PublishedGradleVersions - Gradle version information cache is up-to-date. Trying to read.
2024-03-12 08:06:01,245 [Worker-7: Loading available Gradle versions] INFO  o.e.b.c.i.u.g.PublishedGradleVersions - Gradle version information cache is out-of-date. Trying to update.
2024-03-12 08:07:55,866 [Worker-2: Decoration Calculation] ERROR o.e.j.i.storage.file.FileSnapshot - P:\.gitconfig: Impossibile trovare il percorso di rete
java.nio.file.FileSystemException: P:\.gitconfig: Impossibile trovare il percorso di rete
	at java.base/sun.nio.fs.WindowsException.translateToIOException(WindowsException.java:92)
	at java.base/sun.nio.fs.WindowsException.rethrowAsIOException(WindowsException.java:103)
	at java.base/sun.nio.fs.WindowsException.rethrowAsIOException(WindowsException.java:108)
	at java.base/sun.nio.fs.WindowsFileAttributeViews$Basic.readAttributes(WindowsFileAttributeViews.java:53)
	at java.base/sun.nio.fs.WindowsFileAttributeViews$Basic.readAttributes(WindowsFileAttributeViews.java:38)
	at java.base/sun.nio.fs.WindowsFileSystemProvider.readAttributes(WindowsFileSystemProvider.java:199)
	at java.base/java.nio.file.Files.readAttributes(Files.java:1851)
	at org.eclipse.jgit.util.FileUtils.fileAttributes(FileUtils.java:827)
	at org.eclipse.jgit.util.FS.fileAttributes(FS.java:1294)
	at org.eclipse.jgit.internal.storage.file.FileSnapshot.isModified(FileSnapshot.java:322)
	at org.eclipse.jgit.storage.file.FileBasedConfig.isOutdated(FileBasedConfig.java:246)
	at org.eclipse.jgit.storage.file.UserConfigFile.isOutdated(UserConfigFile.java:95)
	at org.eclipse.jgit.util.SystemReader.updateAll(SystemReader.java:434)
	at org.eclipse.jgit.util.SystemReader.getUserConfig(SystemReader.java:332)
	at org.eclipse.egit.core.internal.EclipseSystemReader.getUserConfig(EclipseSystemReader.java:106)
	at org.eclipse.jgit.internal.storage.file.FileRepository.getConfig(FileRepository.java:346)
	at org.eclipse.egit.core.CachingRepository.getConfig(CachingRepository.java:59)
	at org.eclipse.egit.core.CachingRepository.getConfig(CachingRepository.java:1)
	at org.eclipse.egit.core.RepositoryHandle.getConfig(RepositoryHandle.java:222)
	at org.eclipse.jgit.submodule.SubmoduleWalk.<init>(SubmoduleWalk.java:385)
	at org.eclipse.jgit.submodule.SubmoduleWalk.forIndex(SubmoduleWalk.java:95)
	at org.eclipse.egit.core.internal.indexdiff.IndexDiffCacheEntry.lambda$3(IndexDiffCacheEntry.java:153)
	at org.eclipse.egit.core.UnitOfWork.run(UnitOfWork.java:81)
	at org.eclipse.egit.core.internal.indexdiff.IndexDiffCacheEntry.<init>(IndexDiffCacheEntry.java:152)
	at org.eclipse.egit.core.internal.indexdiff.IndexDiffCache.getIndexDiffCacheEntry(IndexDiffCache.java:248)
	at org.eclipse.egit.core.internal.info.GitItemStateFactory.getIndexDiffDataOrNull(GitItemStateFactory.java:146)
	at org.eclipse.egit.core.internal.info.GitItemStateFactory.getIndexDiffDataOrNull(GitItemStateFactory.java:107)
	at org.eclipse.egit.ui.internal.decorators.GitLightweightDecorator.decorateResource(GitLightweightDecorator.java:194)
	at org.eclipse.egit.ui.internal.decorators.GitLightweightDecorator.decorate(GitLightweightDecorator.java:172)
	at org.eclipse.ui.internal.decorators.LightweightDecoratorDefinition.decorate(LightweightDecoratorDefinition.java:253)
	at org.eclipse.ui.internal.decorators.LightweightDecoratorManager$LightweightRunnable.run(LightweightDecoratorManager.java:105)
	at org.eclipse.core.runtime.SafeRunner.run(SafeRunner.java:47)
	at org.eclipse.ui.internal.decorators.LightweightDecoratorManager.decorate(LightweightDecoratorManager.java:360)
	at org.eclipse.ui.internal.decorators.LightweightDecoratorManager.getDecorations(LightweightDecoratorManager.java:346)
	at org.eclipse.ui.internal.decorators.DecorationScheduler$1.queue(DecorationScheduler.java:419)
	at org.eclipse.ui.internal.decorators.DecorationScheduler$1.run(DecorationScheduler.java:397)
	at org.eclipse.core.internal.jobs.Worker.run(Worker.java:63)
2024-03-12 08:07:55,881 [Worker-2: Decoration Calculation] ERROR o.e.j.i.storage.file.FileSnapshot - P:\.gitconfig: Impossibile trovare il percorso di rete
java.nio.file.FileSystemException: P:\.gitconfig: Impossibile trovare il percorso di rete
	at java.base/sun.nio.fs.WindowsException.translateToIOException(WindowsException.java:92)
	at java.base/sun.nio.fs.WindowsException.rethrowAsIOException(WindowsException.java:103)
	at java.base/sun.nio.fs.WindowsException.rethrowAsIOException(WindowsException.java:108)
	at java.base/sun.nio.fs.WindowsFileAttributeViews$Basic.readAttributes(WindowsFileAttributeViews.java:53)
	at java.base/sun.nio.fs.WindowsFileAttributeViews$Basic.readAttributes(WindowsFileAttributeViews.java:38)
	at java.base/sun.nio.fs.WindowsFileSystemProvider.readAttributes(WindowsFileSystemProvider.java:199)
	at java.base/java.nio.file.Files.readAttributes(Files.java:1851)
	at org.eclipse.jgit.util.FileUtils.fileAttributes(FileUtils.java:827)
	at org.eclipse.jgit.util.FS.fileAttributes(FS.java:1294)
	at org.eclipse.jgit.internal.storage.file.FileSnapshot.isModified(FileSnapshot.java:322)
	at org.eclipse.jgit.storage.file.FileBasedConfig.isOutdated(FileBasedConfig.java:246)
	at org.eclipse.jgit.storage.file.UserConfigFile.load(UserConfigFile.java:100)
	at org.eclipse.jgit.util.SystemReader.updateAll(SystemReader.java:436)
	at org.eclipse.jgit.util.SystemReader.getUserConfig(SystemReader.java:332)
	at org.eclipse.egit.core.internal.EclipseSystemReader.getUserConfig(EclipseSystemReader.java:106)
	at org.eclipse.jgit.internal.storage.file.FileRepository.getConfig(FileRepository.java:346)
	at org.eclipse.egit.core.CachingRepository.getConfig(CachingRepository.java:59)
	at org.eclipse.egit.core.CachingRepository.getConfig(CachingRepository.java:1)
	at org.eclipse.egit.core.RepositoryHandle.getConfig(RepositoryHandle.java:222)
	at org.eclipse.jgit.submodule.SubmoduleWalk.<init>(SubmoduleWalk.java:385)
	at org.eclipse.jgit.submodule.SubmoduleWalk.forIndex(SubmoduleWalk.java:95)
	at org.eclipse.egit.core.internal.indexdiff.IndexDiffCacheEntry.lambda$3(IndexDiffCacheEntry.java:153)
	at org.eclipse.egit.core.UnitOfWork.run(UnitOfWork.java:81)
	at org.eclipse.egit.core.internal.indexdiff.IndexDiffCacheEntry.<init>(IndexDiffCacheEntry.java:152)
	at org.eclipse.egit.core.internal.indexdiff.IndexDiffCache.getIndexDiffCacheEntry(IndexDiffCache.java:248)
	at org.eclipse.egit.core.internal.info.GitItemStateFactory.getIndexDiffDataOrNull(GitItemStateFactory.java:146)
	at org.eclipse.egit.core.internal.info.GitItemStateFactory.getIndexDiffDataOrNull(GitItemStateFactory.java:107)
	at org.eclipse.egit.ui.internal.decorators.GitLightweightDecorator.decorateResource(GitLightweightDecorator.java:194)
	at org.eclipse.egit.ui.internal.decorators.GitLightweightDecorator.decorate(GitLightweightDecorator.java:172)
	at org.eclipse.ui.internal.decorators.LightweightDecoratorDefinition.decorate(LightweightDecoratorDefinition.java:253)
	at org.eclipse.ui.internal.decorators.LightweightDecoratorManager$LightweightRunnable.run(LightweightDecoratorManager.java:105)
	at org.eclipse.core.runtime.SafeRunner.run(SafeRunner.java:47)
	at org.eclipse.ui.internal.decorators.LightweightDecoratorManager.decorate(LightweightDecoratorManager.java:360)
	at org.eclipse.ui.internal.decorators.LightweightDecoratorManager.getDecorations(LightweightDecoratorManager.java:346)
	at org.eclipse.ui.internal.decorators.DecorationScheduler$1.queue(DecorationScheduler.java:419)
	at org.eclipse.ui.internal.decorators.DecorationScheduler$1.run(DecorationScheduler.java:397)
	at org.eclipse.core.internal.jobs.Worker.run(Worker.java:63)
2024-03-12 08:07:55,884 [Worker-2: Decoration Calculation] ERROR o.e.j.i.storage.file.FileSnapshot - P:\.gitconfig: Impossibile trovare il percorso di rete
java.nio.file.FileSystemException: P:\.gitconfig: Impossibile trovare il percorso di rete
	at java.base/sun.nio.fs.WindowsException.translateToIOException(WindowsException.java:92)
	at java.base/sun.nio.fs.WindowsException.rethrowAsIOException(WindowsException.java:103)
	at java.base/sun.nio.fs.WindowsException.rethrowAsIOException(WindowsException.java:108)
	at java.base/sun.nio.fs.WindowsFileAttributeViews$Basic.readAttributes(WindowsFileAttributeViews.java:53)
	at java.base/sun.nio.fs.WindowsFileAttributeViews$Basic.readAttributes(WindowsFileAttributeViews.java:38)
	at java.base/sun.nio.fs.WindowsFileSystemProvider.readAttributes(WindowsFileSystemProvider.java:199)
	at java.base/java.nio.file.Files.readAttributes(Files.java:1851)
	at org.eclipse.jgit.util.FileUtils.fileAttributes(FileUtils.java:827)
	at org.eclipse.jgit.util.FS.fileAttributes(FS.java:1294)
	at org.eclipse.jgit.internal.storage.file.FileSnapshot.<init>(FileSnapshot.java:234)
	at org.eclipse.jgit.internal.storage.file.FileSnapshot.saveNoConfig(FileSnapshot.java:120)
	at org.eclipse.jgit.storage.file.FileBasedConfig.load(FileBasedConfig.java:147)
	at org.eclipse.jgit.util.FileUtils.readWithRetries(FileUtils.java:733)
	at org.eclipse.jgit.storage.file.FileBasedConfig.load(FileBasedConfig.java:128)
	at org.eclipse.jgit.storage.file.UserConfigFile.load(UserConfigFile.java:101)
	at org.eclipse.jgit.util.SystemReader.updateAll(SystemReader.java:436)
	at org.eclipse.jgit.util.SystemReader.getUserConfig(SystemReader.java:332)
	at org.eclipse.egit.core.internal.EclipseSystemReader.getUserConfig(EclipseSystemReader.java:106)
	at org.eclipse.jgit.internal.storage.file.FileRepository.getConfig(FileRepository.java:346)
	at org.eclipse.egit.core.CachingRepository.getConfig(CachingRepository.java:59)
	at org.eclipse.egit.core.CachingRepository.getConfig(CachingRepository.java:1)
	at org.eclipse.egit.core.RepositoryHandle.getConfig(RepositoryHandle.java:222)
	at org.eclipse.jgit.submodule.SubmoduleWalk.<init>(SubmoduleWalk.java:385)
	at org.eclipse.jgit.submodule.SubmoduleWalk.forIndex(SubmoduleWalk.java:95)
	at org.eclipse.egit.core.internal.indexdiff.IndexDiffCacheEntry.lambda$3(IndexDiffCacheEntry.java:153)
	at org.eclipse.egit.core.UnitOfWork.run(UnitOfWork.java:81)
	at org.eclipse.egit.core.internal.indexdiff.IndexDiffCacheEntry.<init>(IndexDiffCacheEntry.java:152)
	at org.eclipse.egit.core.internal.indexdiff.IndexDiffCache.getIndexDiffCacheEntry(IndexDiffCache.java:248)
	at org.eclipse.egit.core.internal.info.GitItemStateFactory.getIndexDiffDataOrNull(GitItemStateFactory.java:146)
	at org.eclipse.egit.core.internal.info.GitItemStateFactory.getIndexDiffDataOrNull(GitItemStateFactory.java:107)
	at org.eclipse.egit.ui.internal.decorators.GitLightweightDecorator.decorateResource(GitLightweightDecorator.java:194)
	at org.eclipse.egit.ui.internal.decorators.GitLightweightDecorator.decorate(GitLightweightDecorator.java:172)
	at org.eclipse.ui.internal.decorators.LightweightDecoratorDefinition.decorate(LightweightDecoratorDefinition.java:253)
	at org.eclipse.ui.internal.decorators.LightweightDecoratorManager$LightweightRunnable.run(LightweightDecoratorManager.java:105)
	at org.eclipse.core.runtime.SafeRunner.run(SafeRunner.java:47)
	at org.eclipse.ui.internal.decorators.LightweightDecoratorManager.decorate(LightweightDecoratorManager.java:360)
	at org.eclipse.ui.internal.decorators.LightweightDecoratorManager.getDecorations(LightweightDecoratorManager.java:346)
	at org.eclipse.ui.internal.decorators.DecorationScheduler$1.queue(DecorationScheduler.java:419)
	at org.eclipse.ui.internal.decorators.DecorationScheduler$1.run(DecorationScheduler.java:397)
	at org.eclipse.core.internal.jobs.Worker.run(Worker.java:63)
2024-03-12 08:07:55,889 [Worker-2: Decoration Calculation] ERROR o.e.j.i.storage.file.FileSnapshot - P:\git\Conversioni\.git\config: Impossibile trovare il percorso di rete
java.nio.file.FileSystemException: P:\git\Conversioni\.git\config: Impossibile trovare il percorso di rete
	at java.base/sun.nio.fs.WindowsException.translateToIOException(WindowsException.java:92)
	at java.base/sun.nio.fs.WindowsException.rethrowAsIOException(WindowsException.java:103)
	at java.base/sun.nio.fs.WindowsException.rethrowAsIOException(WindowsException.java:108)
	at java.base/sun.nio.fs.WindowsFileAttributeViews$Basic.readAttributes(WindowsFileAttributeViews.java:53)
	at java.base/sun.nio.fs.WindowsFileAttributeViews$Basic.readAttributes(WindowsFileAttributeViews.java:38)
	at java.base/sun.nio.fs.WindowsFileSystemProvider.readAttributes(WindowsFileSystemProvider.java:199)
	at java.base/java.nio.file.Files.readAttributes(Files.java:1851)
	at org.eclipse.jgit.util.FileUtils.fileAttributes(FileUtils.java:827)
	at org.eclipse.jgit.util.FS.fileAttributes(FS.java:1294)
	at org.eclipse.jgit.internal.storage.file.FileSnapshot.isModified(FileSnapshot.java:322)
	at org.eclipse.jgit.storage.file.FileBasedConfig.isOutdated(FileBasedConfig.java:246)
	at org.eclipse.jgit.internal.storage.file.FileRepository.getConfig(FileRepository.java:347)
	at org.eclipse.egit.core.CachingRepository.getConfig(CachingRepository.java:59)
	at org.eclipse.egit.core.CachingRepository.getConfig(CachingRepository.java:1)
	at org.eclipse.egit.core.RepositoryHandle.getConfig(RepositoryHandle.java:222)
	at org.eclipse.jgit.submodule.SubmoduleWalk.<init>(SubmoduleWalk.java:385)
	at org.eclipse.jgit.submodule.SubmoduleWalk.forIndex(SubmoduleWalk.java:95)
	at org.eclipse.egit.core.internal.indexdiff.IndexDiffCacheEntry.lambda$3(IndexDiffCacheEntry.java:153)
	at org.eclipse.egit.core.UnitOfWork.run(UnitOfWork.java:81)
	at org.eclipse.egit.core.internal.indexdiff.IndexDiffCacheEntry.<init>(IndexDiffCacheEntry.java:152)
	at org.eclipse.egit.core.internal.indexdiff.IndexDiffCache.getIndexDiffCacheEntry(IndexDiffCache.java:248)
	at org.eclipse.egit.core.internal.info.GitItemStateFactory.getIndexDiffDataOrNull(GitItemStateFactory.java:146)
	at org.eclipse.egit.core.internal.info.GitItemStateFactory.getIndexDiffDataOrNull(GitItemStateFactory.java:107)
	at org.eclipse.egit.ui.internal.decorators.GitLightweightDecorator.decorateResource(GitLightweightDecorator.java:194)
	at org.eclipse.egit.ui.internal.decorators.GitLightweightDecorator.decorate(GitLightweightDecorator.java:172)
	at org.eclipse.ui.internal.decorators.LightweightDecoratorDefinition.decorate(LightweightDecoratorDefinition.java:253)
	at org.eclipse.ui.internal.decorators.LightweightDecoratorManager$LightweightRunnable.run(LightweightDecoratorManager.java:105)
	at org.eclipse.core.runtime.SafeRunner.run(SafeRunner.java:47)
	at org.eclipse.ui.internal.decorators.LightweightDecoratorManager.decorate(LightweightDecoratorManager.java:360)
	at org.eclipse.ui.internal.decorators.LightweightDecoratorManager.getDecorations(LightweightDecoratorManager.java:346)
	at org.eclipse.ui.internal.decorators.DecorationScheduler$1.queue(DecorationScheduler.java:419)
	at org.eclipse.ui.internal.decorators.DecorationScheduler$1.run(DecorationScheduler.java:397)
	at org.eclipse.core.internal.jobs.Worker.run(Worker.java:63)
2024-03-12 08:07:55,892 [Worker-2: Decoration Calculation] ERROR o.e.j.i.storage.file.FileSnapshot - P:\git\Conversioni\.git\config: Impossibile trovare il percorso di rete
java.nio.file.FileSystemException: P:\git\Conversioni\.git\config: Impossibile trovare il percorso di rete
	at java.base/sun.nio.fs.WindowsException.translateToIOException(WindowsException.java:92)
	at java.base/sun.nio.fs.WindowsException.rethrowAsIOException(WindowsException.java:103)
	at java.base/sun.nio.fs.WindowsException.rethrowAsIOException(WindowsException.java:108)
	at java.base/sun.nio.fs.WindowsFileAttributeViews$Basic.readAttributes(WindowsFileAttributeViews.java:53)
	at java.base/sun.nio.fs.WindowsFileAttributeViews$Basic.readAttributes(WindowsFileAttributeViews.java:38)
	at java.base/sun.nio.fs.WindowsFileSystemProvider.readAttributes(WindowsFileSystemProvider.java:199)
	at java.base/java.nio.file.Files.readAttributes(Files.java:1851)
	at org.eclipse.jgit.util.FileUtils.fileAttributes(FileUtils.java:827)
	at org.eclipse.jgit.util.FS.fileAttributes(FS.java:1294)
	at org.eclipse.jgit.internal.storage.file.FileSnapshot.<init>(FileSnapshot.java:234)
	at org.eclipse.jgit.internal.storage.file.FileSnapshot.saveNoConfig(FileSnapshot.java:120)
	at org.eclipse.jgit.storage.file.FileBasedConfig.load(FileBasedConfig.java:147)
	at org.eclipse.jgit.util.FileUtils.readWithRetries(FileUtils.java:733)
	at org.eclipse.jgit.storage.file.FileBasedConfig.load(FileBasedConfig.java:128)
	at org.eclipse.jgit.internal.storage.file.FileRepository.loadRepoConfig(FileRepository.java:212)
	at org.eclipse.jgit.internal.storage.file.FileRepository.getConfig(FileRepository.java:348)
	at org.eclipse.egit.core.CachingRepository.getConfig(CachingRepository.java:59)
	at org.eclipse.egit.core.CachingRepository.getConfig(CachingRepository.java:1)
	at org.eclipse.egit.core.RepositoryHandle.getConfig(RepositoryHandle.java:222)
	at org.eclipse.jgit.submodule.SubmoduleWalk.<init>(SubmoduleWalk.java:385)
	at org.eclipse.jgit.submodule.SubmoduleWalk.forIndex(SubmoduleWalk.java:95)
	at org.eclipse.egit.core.internal.indexdiff.IndexDiffCacheEntry.lambda$3(IndexDiffCacheEntry.java:153)
	at org.eclipse.egit.core.UnitOfWork.run(UnitOfWork.java:81)
	at org.eclipse.egit.core.internal.indexdiff.IndexDiffCacheEntry.<init>(IndexDiffCacheEntry.java:152)
	at org.eclipse.egit.core.internal.indexdiff.IndexDiffCache.getIndexDiffCacheEntry(IndexDiffCache.java:248)
	at org.eclipse.egit.core.internal.info.GitItemStateFactory.getIndexDiffDataOrNull(GitItemStateFactory.java:146)
	at org.eclipse.egit.core.internal.info.GitItemStateFactory.getIndexDiffDataOrNull(GitItemStateFactory.java:107)
	at org.eclipse.egit.ui.internal.decorators.GitLightweightDecorator.decorateResource(GitLightweightDecorator.java:194)
	at org.eclipse.egit.ui.internal.decorators.GitLightweightDecorator.decorate(GitLightweightDecorator.java:172)
	at org.eclipse.ui.internal.decorators.LightweightDecoratorDefinition.decorate(LightweightDecoratorDefinition.java:253)
	at org.eclipse.ui.internal.decorators.LightweightDecoratorManager$LightweightRunnable.run(LightweightDecoratorManager.java:105)
	at org.eclipse.core.runtime.SafeRunner.run(SafeRunner.java:47)
	at org.eclipse.ui.internal.decorators.LightweightDecoratorManager.decorate(LightweightDecoratorManager.java:360)
	at org.eclipse.ui.internal.decorators.LightweightDecoratorManager.getDecorations(LightweightDecoratorManager.java:346)
	at org.eclipse.ui.internal.decorators.DecorationScheduler$1.queue(DecorationScheduler.java:419)
	at org.eclipse.ui.internal.decorators.DecorationScheduler$1.run(DecorationScheduler.java:397)
	at org.eclipse.core.internal.jobs.Worker.run(Worker.java:63)
2024-03-13 09:00:02,057 [Worker-2: Loading available Gradle versions] INFO  o.e.b.c.i.u.g.PublishedGradleVersions - Gradle version information cache is out-of-date. Trying to update.
2024-03-14 10:08:01,201 [Worker-1: Loading available Gradle versions] INFO  o.e.b.c.i.u.g.PublishedGradleVersions - Gradle version information cache is out-of-date. Trying to update.
2024-03-14 12:54:58,523 [Worker-4: Loading available Gradle versions] INFO  o.e.b.c.i.u.g.PublishedGradleVersions - Gradle version information cache is up-to-date. Trying to read.
2024-03-15 10:54:39,695 [Worker-0: Loading available Gradle versions] INFO  o.e.b.c.i.u.g.PublishedGradleVersions - Gradle version information cache is out-of-date. Trying to update.
2024-03-19 08:05:46,315 [Worker-1: Loading available Gradle versions] INFO  o.e.b.c.i.u.g.PublishedGradleVersions - Gradle version information cache is out-of-date. Trying to update.
2024-03-20 09:01:47,772 [Worker-17: Loading available Gradle versions] INFO  o.e.b.c.i.u.g.PublishedGradleVersions - Gradle version information cache is out-of-date. Trying to update.
2024-03-21 10:06:53,893 [Worker-5: Loading available Gradle versions] INFO  o.e.b.c.i.u.g.PublishedGradleVersions - Gradle version information cache is out-of-date. Trying to update.
2024-03-21 12:57:36,024 [Worker-6: Loading available Gradle versions] INFO  o.e.b.c.i.u.g.PublishedGradleVersions - Gradle version information cache is up-to-date. Trying to read.
2024-03-22 10:10:37,818 [Worker-1: Loading available Gradle versions] INFO  o.e.b.c.i.u.g.PublishedGradleVersions - Gradle version information cache is out-of-date. Trying to update.
2024-03-26 08:13:35,073 [Worker-5: Loading available Gradle versions] INFO  o.e.b.c.i.u.g.PublishedGradleVersions - Gradle version information cache is out-of-date. Trying to update.
2024-04-04 10:11:14,707 [Worker-1: Loading available Gradle versions] INFO  o.e.b.c.i.u.g.PublishedGradleVersions - Gradle version information cache is out-of-date. Trying to update.
2024-04-04 12:53:23,925 [Worker-0: Loading available Gradle versions] INFO  o.e.b.c.i.u.g.PublishedGradleVersions - Gradle version information cache is up-to-date. Trying to read.
2024-04-09 08:06:20,326 [Worker-2: Loading available Gradle versions] INFO  o.e.b.c.i.u.g.PublishedGradleVersions - Gradle version information cache is out-of-date. Trying to update.
2024-04-10 09:10:25,029 [Worker-1: Loading available Gradle versions] INFO  o.e.b.c.i.u.g.PublishedGradleVersions - Gradle version information cache is out-of-date. Trying to update.
2024-04-11 12:49:10,133 [Worker-0: Loading available Gradle versions] INFO  o.e.b.c.i.u.g.PublishedGradleVersions - Gradle version information cache is out-of-date. Trying to update.
2024-04-18 12:52:31,160 [Worker-7: Loading available Gradle versions] INFO  o.e.b.c.i.u.g.PublishedGradleVersions - Gradle version information cache is out-of-date. Trying to update.
2024-04-23 08:05:11,794 [Worker-1: Loading available Gradle versions] INFO  o.e.b.c.i.u.g.PublishedGradleVersions - Gradle version information cache is out-of-date. Trying to update.
2024-04-24 08:59:24,720 [Worker-2: Loading available Gradle versions] INFO  o.e.b.c.i.u.g.PublishedGradleVersions - Gradle version information cache is out-of-date. Trying to update.
2024-04-26 10:10:47,161 [Worker-4: Loading available Gradle versions] INFO  o.e.b.c.i.u.g.PublishedGradleVersions - Gradle version information cache is out-of-date. Trying to update.
2024-04-26 10:11:51,469 [Worker-3: Loading available Gradle versions] INFO  o.e.b.c.i.u.g.PublishedGradleVersions - Gradle version information cache is up-to-date. Trying to read.
2024-04-30 08:08:00,303 [Worker-4: Loading available Gradle versions] INFO  o.e.b.c.i.u.g.PublishedGradleVersions - Gradle version information cache is out-of-date. Trying to update.
2024-04-30 09:09:41,001 [Worker-4: Loading available Gradle versions] INFO  o.e.b.c.i.u.g.PublishedGradleVersions - Gradle version information cache is up-to-date. Trying to read.
2024-04-30 09:26:40,929 [Worker-4: Loading available Gradle versions] INFO  o.e.b.c.i.u.g.PublishedGradleVersions - Gradle version information cache is up-to-date. Trying to read.
2024-05-02 10:05:25,309 [Worker-2: Loading available Gradle versions] INFO  o.e.b.c.i.u.g.PublishedGradleVersions - Gradle version information cache is out-of-date. Trying to update.
2024-05-02 12:50:11,931 [Worker-0: Loading available Gradle versions] INFO  o.e.b.c.i.u.g.PublishedGradleVersions - Gradle version information cache is up-to-date. Trying to read.
2024-05-03 10:51:21,357 [Worker-10: Loading available Gradle versions] INFO  o.e.b.c.i.u.g.PublishedGradleVersions - Gradle version information cache is out-of-date. Trying to update.
2024-05-07 08:11:17,152 [Worker-12: Loading available Gradle versions] INFO  o.e.b.c.i.u.g.PublishedGradleVersions - Gradle version information cache is out-of-date. Trying to update.
2024-05-08 08:59:25,585 [Worker-5: Loading available Gradle versions] INFO  o.e.b.c.i.u.g.PublishedGradleVersions - Gradle version information cache is out-of-date. Trying to update.
2024-05-09 10:04:43,977 [Worker-2: Loading available Gradle versions] INFO  o.e.b.c.i.u.g.PublishedGradleVersions - Gradle version information cache is out-of-date. Trying to update.
2024-05-09 12:50:27,183 [Worker-2: Loading available Gradle versions] INFO  o.e.b.c.i.u.g.PublishedGradleVersions - Gradle version information cache is up-to-date. Trying to read.
2024-05-10 10:06:16,089 [Worker-0: Loading available Gradle versions] INFO  o.e.b.c.i.u.g.PublishedGradleVersions - Gradle version information cache is out-of-date. Trying to update.
2024-05-14 08:04:00,649 [Worker-5: Loading available Gradle versions] INFO  o.e.b.c.i.u.g.PublishedGradleVersions - Gradle version information cache is out-of-date. Trying to update.
2024-05-17 10:03:08,395 [Worker-2: Loading available Gradle versions] INFO  o.e.b.c.i.u.g.PublishedGradleVersions - Gradle version information cache is out-of-date. Trying to update.
2024-05-20 11:53:38,752 [Worker-0: Loading available Gradle versions] INFO  o.e.b.c.i.u.g.PublishedGradleVersions - Gradle version information cache is out-of-date. Trying to update.
